d:\class\openglobjviewer\project1\x64\debug\vc143.pdb
d:\class\openglobjviewer\project1\x64\debug\vc143.idb
d:\class\openglobjviewer\project1\x64\debug\shader.obj
d:\class\openglobjviewer\project1\x64\debug\rayutils.obj
d:\class\openglobjviewer\project1\x64\debug\raytracer.obj
d:\class\openglobjviewer\project1\x64\debug\objloader.obj
d:\class\openglobjviewer\project1\x64\debug\material.obj
d:\class\openglobjviewer\project1\x64\debug\main.obj
d:\class\openglobjviewer\project1\x64\debug\light.obj
d:\class\openglobjviewer\project1\x64\debug\imgui_widgets.obj
d:\class\openglobjviewer\project1\x64\debug\imgui_tables.obj
d:\class\openglobjviewer\project1\x64\debug\imgui_draw.obj
d:\class\openglobjviewer\project1\x64\debug\imgui.obj
d:\class\openglobjviewer\project1\x64\debug\imgui_impl_opengl3.obj
d:\class\openglobjviewer\project1\x64\debug\imgui_impl_glfw.obj
d:\class\openglobjviewer\project1\x64\debug\grid.obj
d:\class\openglobjviewer\project1\x64\debug\bvhnode.obj
d:\class\openglobjviewer\project1\x64\debug\axisrenderer.obj
d:\class\openglobjviewer\project1\x64\debug\nl_executor.obj
d:\class\openglobjviewer\project1\x64\debug\gizmo.obj
d:\class\openglobjviewer\project1\x64\debug\assimp_loader.obj
d:\class\openglobjviewer\project1\x64\debug\application.obj
d:\class\openglobjviewer\project1\x64\debug\ai_bridge.obj
d:\class\openglobjviewer\project1\x64\debug\commands.obj
d:\class\openglobjviewer\project1\x64\debug\inputhandler.obj
d:\class\openglobjviewer\project1\x64\debug\triangle.obj
d:\class\openglobjviewer\project1\x64\debug\userinput.obj
d:\class\openglobjviewer\project1\x64\debug\texture.obj
d:\class\openglobjviewer\project1\x64\debug\glad.obj
d:\class\openglobjviewer\project1\x64\debug\texture_cache.obj
d:\class\openglobjviewer\project1\x64\debug\mesh_loader.obj
d:\class\openglobjviewer\x64\debug\poly2tri.dll
d:\class\openglobjviewer\x64\debug\minizip.dll
d:\class\openglobjviewer\x64\debug\zlibd1.dll
d:\class\openglobjviewer\x64\debug\kubazip.dll
d:\class\openglobjviewer\x64\debug\pugixml.dll
d:\class\openglobjviewer\x64\debug\assimp-vc143-mtd.dll
d:\class\openglobjviewer\project1\x64\debug\project1.ilk
d:\class\openglobjviewer\x64\debug\project1.pdb
d:\class\openglobjviewer\project1\x64\debug\project1.tlog\cl.command.1.tlog
d:\class\openglobjviewer\project1\x64\debug\project1.tlog\cl.items.tlog
d:\class\openglobjviewer\project1\x64\debug\project1.tlog\cl.read.1.tlog
d:\class\openglobjviewer\project1\x64\debug\project1.tlog\cl.write.1.tlog
d:\class\openglobjviewer\project1\x64\debug\project1.tlog\link.6304-cvtres.read.1.tlog
d:\class\openglobjviewer\project1\x64\debug\project1.tlog\link.6304-cvtres.write.1.tlog
d:\class\openglobjviewer\project1\x64\debug\project1.tlog\link.6304-rc.read.1.tlog
d:\class\openglobjviewer\project1\x64\debug\project1.tlog\link.6304-rc.write.1.tlog
d:\class\openglobjviewer\project1\x64\debug\project1.tlog\link.6304.read.1.tlog
d:\class\openglobjviewer\project1\x64\debug\project1.tlog\link.6304.read.2.tlog
d:\class\openglobjviewer\project1\x64\debug\project1.tlog\link.6304.write.1.tlog
d:\class\openglobjviewer\project1\x64\debug\project1.tlog\link.command.1.tlog
d:\class\openglobjviewer\project1\x64\debug\project1.tlog\link.read.1.tlog
d:\class\openglobjviewer\project1\x64\debug\project1.tlog\link.secondary.1.tlog
d:\class\openglobjviewer\project1\x64\debug\project1.tlog\link.write.1.tlog
d:\class\openglobjviewer\project1\x64\debug\project1.tlog\project1.write.1u.tlog
